Elapsed time loading data: 0.1395397186279297
Elapsed time processing data: 0.9868619441986084
|   iter    |  target   |    c_p    |  degree   |   gamma   |  kernel   |
-------------------------------------------------------------------------
|  1        |  0.2546   |  24.49    |  1.507    |  0.4361   |  2.308    |
|  2        |  0.257    |  11.81    |  1.447    |  0.02248  |  1.261    |
|  3        |  0.2593   |  9.547    |  2.013    |  0.9907   |  0.7132   |
|  4        |  0.2725   |  3.248    |  3.009    |  0.6212   |  0.8228   |
|  5        |  0.235    |  18.65    |  1.355    |  0.07396  |  2.702    |
|  6        |  0.2409   |  31.76    |  3.522    |  0.8152   |  2.973    |
|  7        |  0.2873   |  23.09    |  3.441    |  0.4213   |  0.08234  |
|  8        |  0.2867   |  18.17    |  1.316    |  0.8172   |  2.093    |
|  9        |  0.2867   |  22.61    |  1.823    |  0.9985   |  0.4141   |
|  10       |  0.2546   |  24.62    |  2.455    |  0.405    |  2.184    |
|  11       |  0.254    |  12.91    |  2.202    |  0.319    |  2.842    |
|  12       |  0.2356   |  36.75    |  3.442    |  0.03408  |  2.83     |
|  13       |  0.2421   |  38.02    |  3.42     |  0.4813   |  2.9      |
|  14       |  0.2861   |  16.68    |  1.957    |  0.01644  |  0.1145   |
|  15       |  0.2707   |  2.124    |  1.384    |  0.03338  |  0.6793   |
|  16       |  0.2861   |  21.76    |  1.536    |  0.1793   |  0.4488   |
|  17       |  0.2475   |  27.32    |  2.407    |  0.7682   |  2.006    |
|  18       |  0.2391   |  17.65    |  2.786    |  0.4617   |  2.89     |
|  19       |  0.2516   |  5.912    |  3.72     |  0.4979   |  1.777    |
|  20       |  0.2427   |  27.39    |  1.532    |  0.8647   |  1.446    |
|  21       |  0.2861   |  22.35    |  2.565    |  0.2409   |  0.1878   |
|  22       |  0.2528   |  17.62    |  1.185    |  1.0      |  1.059    |
|  23       |  0.251    |  22.43    |  1.995    |  0.3124   |  0.9027   |
|  24       |  0.2469   |  34.39    |  1.901    |  0.1622   |  1.875    |
|  25       |  0.2498   |  29.45    |  3.873    |  0.391    |  2.941    |
|  26       |  0.248    |  21.5     |  2.818    |  0.8375   |  1.48     |
|  27       |  0.238    |  28.44    |  2.551    |  0.6371   |  2.62     |
|  28       |  0.2867   |  22.75    |  2.975    |  0.404    |  0.1008   |
|  29       |  0.2861   |  22.1     |  1.886    |  0.6653   |  0.0      |
|  30       |  0.2867   |  22.96    |  2.142    |  0.869    |  0.007058 |
|  31       |  0.2861   |  22.41    |  1.058    |  0.6706   |  0.0      |
|  32       |  0.2867   |  21.52    |  1.135    |  0.9767   |  0.1108   |
|  33       |  0.2861   |  22.31    |  3.55     |  1.0      |  0.0      |
|  34       |  0.2867   |  20.96    |  1.097    |  0.3018   |  0.1329   |
|  35       |  0.2867   |  21.1     |  2.514    |  0.2629   |  0.05811  |
|  36       |  0.2861   |  21.9     |  3.703    |  0.0      |  0.0      |
|  37       |  0.2861   |  15.7     |  2.681    |  0.0      |  0.0      |
|  38       |  0.2861   |  15.47    |  1.395    |  0.0      |  0.0      |
|  39       |  0.2861   |  15.7     |  2.167    |  0.9847   |  0.06647  |
|  40       |  0.254    |  15.56    |  2.042    |  0.0      |  1.137    |
=========================================================================
Elapsed running the bayesian opt: 3125.6228477954865
Elapsed training bay-optimal model: 8.466241359710693

Elapsed TOTAL time  data: 3135.2191195487976
***********************************************************************
***********************************************************************
***********************************************************************
*******************************FINISHED********************************
***********************************************************************
***********************************************************************
***********************************************************************
