WARNING: This is not valid Python code. If you want to use IPython magics, flexible indentation, and prompt removal, we recommend that you save this file with the .ipy extension.

Elapsed time loading data: 0.3404531478881836
Elapsed time processing data: 1.0581793785095215
|   iter    |  target   |    c_p    |  degree   |   gamma   |  kernel   |
-------------------------------------------------------------------------
|  1        |  0.2463   |  61.22    |  1.676    |  0.4361   |  2.308    |
|  2        |  0.2415   |  29.53    |  1.597    |  0.02248  |  1.261    |
|  3        |  0.2456   |  23.87    |  2.351    |  0.9907   |  0.7132   |
|  4        |  0.2582   |  8.119    |  3.678    |  0.6212   |  0.8228   |
|  5        |  0.2344   |  46.62    |  1.473    |  0.07396  |  2.702    |
|  6        |  0.2433   |  79.4     |  4.362    |  0.8152   |  2.973    |
|  7        |  0.2843   |  57.73    |  4.255    |  0.4213   |  0.08234  |
|  8        |  0.2885   |  45.41    |  1.421    |  0.8172   |  2.093    |
|  9        |  0.2843   |  56.53    |  2.097    |  0.9985   |  0.4141   |
|  10       |  0.229    |  61.54    |  2.94     |  0.405    |  2.184    |
|  11       |  0.2296   |  32.28    |  2.602    |  0.319    |  2.842    |
|  12       |  0.235    |  91.87    |  4.255    |  0.03408  |  2.83     |
|  13       |  0.2249   |  95.04    |  4.226    |  0.4813   |  2.9      |
|  14       |  0.2831   |  41.7     |  2.275    |  0.01644  |  0.1145   |
|  15       |  0.2623   |  5.309    |  1.512    |  0.03338  |  0.6793   |
|  16       |  0.2843   |  54.39    |  1.715    |  0.1793   |  0.4488   |
|  17       |  0.2296   |  68.3     |  2.876    |  0.7682   |  2.006    |
|  18       |  0.2344   |  44.13    |  3.381    |  0.4617   |  2.89     |
|  19       |  0.2302   |  14.78    |  4.627    |  0.4979   |  1.777    |
|  20       |  0.2421   |  68.47    |  1.71     |  0.8647   |  1.446    |
|  21       |  0.2421   |  55.39    |  1.683    |  0.7144   |  0.6395   |
|  22       |  0.2225   |  64.86    |  4.355    |  0.3862   |  2.901    |
|  23       |  0.2421   |  71.68    |  1.086    |  0.9466   |  0.6572   |
|  24       |  0.2457   |  85.96    |  2.201    |  0.1622   |  1.875    |
|  25       |  0.2249   |  73.61    |  4.831    |  0.391    |  2.941    |
|  26       |  0.2421   |  53.76    |  3.424    |  0.8375   |  1.48     |
|  27       |  0.2415   |  71.11    |  3.068    |  0.6371   |  2.62     |
|  28       |  0.2617   |  6.5      |  4.055    |  0.8335   |  1.286    |
|  29       |  0.2873   |  32.74    |  1.057    |  0.1565   |  2.396    |
|  30       |  0.2237   |  84.85    |  1.295    |  0.3162   |  2.931    |
|  31       |  0.2837   |  42.56    |  3.716    |  0.1748   |  0.3043   |
|  32       |  0.2837   |  43.47    |  2.9      |  0.8767   |  0.4394   |
|  33       |  0.2463   |  45.51    |  1.634    |  0.8836   |  2.196    |
|  34       |  0.2272   |  35.59    |  3.268    |  0.1411   |  1.687    |
|  35       |  0.2873   |  92.05    |  4.179    |  0.651    |  0.01152  |
|  36       |  0.2534   |  0.8287   |  3.921    |  0.9126   |  2.342    |
|  37       |  0.2427   |  53.07    |  2.542    |  0.8343   |  2.816    |
|  38       |  0.2861   |  69.16    |  4.763    |  0.4571   |  0.3203   |
|  39       |  0.2433   |  31.65    |  1.65     |  0.6183   |  2.731    |
|  40       |  0.2873   |  78.33    |  2.527    |  0.1218   |  0.2104   |
=========================================================================
Elapsed running the bayesian opt: 5318.344885110855
Elapsed training bay-optimal model: 0.7684741020202637

Elapsed TOTAL time  data: 5320.514717340469
***********************************************************************
***********************************************************************
***********************************************************************
*******************************FINISHED********************************
***********************************************************************
***********************************************************************
***********************************************************************
