WARNING: This is not valid Python code. If you want to use IPython magics, flexible indentation, and prompt removal, we recommend that you save this file with the .ipy extension.

Elapsed time loading data: 0.1704423427581787
Elapsed time processing data: 18.80665874481201
|   iter    |  target   |    c_p    |  degree   |   gamma   |  kernel   |
-------------------------------------------------------------------------
|  1        |  0.2214   |  6.122    |  1.676    |  0.4361   |  2.308    |
|  2        |  0.2262   |  2.953    |  1.597    |  0.02248  |  1.261    |
|  3        |  0.2273   |  2.387    |  2.351    |  0.9907   |  0.7132   |
|  4        |  0.2448   |  0.8119   |  3.678    |  0.6212   |  0.8228   |
|  5        |  0.2341   |  4.662    |  1.473    |  0.07396  |  2.702    |
|  6        |  0.2293   |  7.94     |  4.362    |  0.8152   |  2.973    |
|  7        |  0.2716   |  5.773    |  4.255    |  0.4213   |  0.08234  |
|  8        |  0.2649   |  4.541    |  1.421    |  0.8172   |  2.093    |
|  9        |  0.2716   |  5.653    |  2.097    |  0.9985   |  0.4141   |
|  10       |  0.227    |  6.154    |  2.94     |  0.405    |  2.184    |
|  11       |  0.2315   |  3.228    |  2.602    |  0.319    |  2.842    |
|  12       |  0.2299   |  9.187    |  4.255    |  0.03408  |  2.83     |
|  13       |  0.2225   |  9.504    |  4.226    |  0.4813   |  2.9      |
|  14       |  0.2704   |  4.17     |  2.275    |  0.01644  |  0.1145   |
|  15       |  0.2585   |  0.5309   |  1.512    |  0.03338  |  0.6793   |
|  16       |  0.2727   |  5.439    |  1.715    |  0.1793   |  0.4488   |
|  17       |  0.2206   |  6.83     |  2.876    |  0.7682   |  2.006    |
|  18       |  0.2348   |  4.413    |  3.381    |  0.4617   |  2.89     |
|  19       |  0.2567   |  1.478    |  4.627    |  0.4979   |  1.777    |
|  20       |  0.2188   |  6.847    |  1.71     |  0.8647   |  1.446    |
|  21       |  0.2716   |  5.201    |  3.013    |  0.1422   |  0.0      |
|  22       |  0.2723   |  4.708    |  1.027    |  1.0      |  0.0      |
|  23       |  0.2705   |  4.335    |  5.0      |  1.0      |  0.0      |
|  24       |  0.2191   |  4.621    |  2.28     |  1.0      |  0.6756   |
|  25       |  0.2719   |  5.636    |  1.408    |  0.7588   |  0.05634  |
|  26       |  0.2719   |  4.675    |  1.212    |  0.0      |  0.0      |
|  27       |  0.2723   |  6.134    |  2.491    |  0.3221   |  0.0      |
|  28       |  0.2716   |  4.597    |  4.343    |  0.0      |  0.0      |
|  29       |  0.221    |  4.931    |  4.986    |  0.1454   |  1.029    |
|  30       |  0.2719   |  6.135    |  3.284    |  0.9884   |  0.1058   |
|  31       |  0.2682   |  3.339    |  4.446    |  0.3433   |  0.0      |
|  32       |  0.2723   |  4.932    |  4.01     |  1.0      |  0.0      |
|  33       |  0.2697   |  3.908    |  3.444    |  0.0      |  0.0      |
|  34       |  0.2723   |  7.187    |  4.377    |  0.9423   |  0.01495  |
|  35       |  0.2719   |  7.045    |  3.758    |  0.0      |  0.0      |
|  36       |  0.2731   |  8.14     |  5.0      |  0.0      |  0.0      |
|  37       |  0.2723   |  8.726    |  3.835    |  0.5701   |  0.0      |
|  38       |  0.2723   |  9.409    |  5.0      |  1.0      |  0.0      |
|  39       |  0.2719   |  10.0     |  4.303    |  0.0      |  0.0      |
|  40       |  0.2719   |  10.0     |  2.523    |  0.0      |  0.0      |
=========================================================================
Elapsed running the bayesian opt: 2018.8733248710632
Elapsed training bay-optimal model: 5.49277138710022

Elapsed TOTAL time  data: 2043.3467812538147
***********************************************************************
***********************************************************************
***********************************************************************
*******************************FINISHED********************************
***********************************************************************
***********************************************************************
***********************************************************************
