Elapsed time loading data: 0.356215238571167
Elapsed time processing data: 2.960273027420044
|   iter    |  target   |    c_p    |  degree   |   gamma   |  kernel   |
-------------------------------------------------------------------------
|  1        |  0.2173   |  61.22    |  1.676    |  0.4361   |  2.308    |
|  2        |  0.2365   |  29.53    |  1.597    |  0.02248  |  1.261    |
|  3        |  0.2407   |  23.87    |  2.351    |  0.9907   |  0.7132   |
|  4        |  0.2407   |  8.119    |  3.678    |  0.6212   |  0.8228   |
|  5        |  0.1929   |  46.62    |  1.473    |  0.07396  |  2.702    |
|  6        |  0.2141   |  79.4     |  4.362    |  0.8152   |  2.973    |
|  7        |  0.1587   |  57.73    |  4.255    |  0.4213   |  0.08234  |
|  8        |  0.1654   |  45.41    |  1.421    |  0.8172   |  2.093    |
|  9        |  0.1587   |  56.53    |  2.097    |  0.9985   |  0.4141   |
|  10       |  0.1926   |  61.54    |  2.94     |  0.405    |  2.184    |
|  11       |  0.2006   |  32.28    |  2.602    |  0.319    |  2.842    |
|  12       |  0.2135   |  91.87    |  4.255    |  0.03408  |  2.83     |
|  13       |  0.1721   |  95.04    |  4.226    |  0.4813   |  2.9      |
|  14       |  0.1712   |  41.7     |  2.275    |  0.01644  |  0.1145   |
|  15       |  0.2449   |  5.309    |  1.512    |  0.03338  |  0.6793   |
|  16       |  0.1587   |  54.39    |  1.715    |  0.1793   |  0.4488   |
|  17       |  0.1926   |  68.3     |  2.876    |  0.7682   |  2.006    |
|  18       |  0.1804   |  44.13    |  3.381    |  0.4617   |  2.89     |
|  19       |  0.2131   |  14.78    |  4.627    |  0.4979   |  1.777    |
|  20       |  0.2407   |  68.47    |  1.71     |  0.8647   |  1.446    |
|  21       |  0.1849   |  7.18     |  1.818    |  0.1748   |  1.558    |
|  22       |  0.1833   |  64.86    |  4.355    |  0.3862   |  2.901    |
|  23       |  0.2407   |  71.68    |  1.086    |  0.9466   |  0.6572   |
|  24       |  0.2173   |  85.96    |  2.201    |  0.1622   |  1.875    |
|  25       |  0.2407   |  69.86    |  1.132    |  0.9251   |  0.964    |
|  26       |  0.1872   |  4.048    |  2.181    |  0.13     |  0.0      |
|  27       |  0.1545   |  68.9     |  1.185    |  0.3069   |  0.4514   |
|  28       |  0.2449   |  6.5      |  4.055    |  0.8335   |  1.286    |
|  29       |  0.2173   |  61.29    |  1.791    |  0.4291   |  2.32     |
|  30       |  0.2449   |  6.77     |  3.678    |  0.7785   |  0.8909   |
|  31       |  0.2407   |  70.77    |  1.171    |  1.0      |  1.142    |
|  32       |  0.2449   |  7.051    |  4.601    |  0.8307   |  0.6949   |
|  33       |  0.1705   |  69.71    |  1.344    |  0.9603   |  1.892    |
|  34       |  0.2407   |  7.358    |  3.983    |  0.5472   |  0.6373   |
|  35       |  0.1587   |  70.57    |  1.0      |  1.0      |  0.3641   |
|  36       |  0.2337   |  0.8287   |  3.921    |  0.9126   |  2.342    |
|  37       |  0.2449   |  7.102    |  4.135    |  0.8989   |  1.11     |
|  38       |  0.1545   |  69.16    |  4.763    |  0.4571   |  0.3203   |
|  39       |  0.1795   |  31.65    |  1.65     |  0.6183   |  2.731    |
|  40       |  0.2407   |  71.41    |  1.118    |  0.939    |  1.356    |
=========================================================================
Elapsed running the bayesian opt: 339.1271450519562
Elapsed training bay-optimal model: 0.009987592697143555

Elapsed TOTAL time  data: 342.45595622062683
***********************************************************************
***********************************************************************
***********************************************************************
*******************************FINISHED********************************
***********************************************************************
***********************************************************************
***********************************************************************
