runfile('/lustre/ahome3/d/dlr10/Documents/02_Statitics_modelling/4_Modelling_TS/09_SVM_EWS_Scalar/Balanced/SVM_Balanced_EWS_all.py', wdir='/lustre/ahome3/d/dlr10/Documents/02_Statitics_modelling/4_Modelling_TS/09_SVM_EWS_Scalar/Balanced')
Reloaded modules: Loading_Data_Functions
Elapsed time loading data: 0.2344658374786377
Elapsed time processing data: 20.528045654296875
|   iter    |  target   |    c_p    |  degree   |   gamma   |  kernel   |
-------------------------------------------------------------------------
|  1        |  0.2399   |  6.51     |  1.676    |  0.4361   |  2.308    |
|  2        |  0.243    |  3.658    |  1.597    |  0.02248  |  1.261    |
|  3        |  0.244    |  3.148    |  2.351    |  0.9907   |  0.7132   |
|  4        |  0.2536   |  1.731    |  3.678    |  0.6212   |  0.8228   |
|  5        |  0.2409   |  5.196    |  1.473    |  0.07396  |  2.702    |
|  6        |  0.2358   |  8.146    |  4.362    |  0.8152   |  2.973    |
|  7        |  0.28     |  6.195    |  4.255    |  0.4213   |  0.08234  |
|  8        |  0.2776   |  5.087    |  1.421    |  0.8172   |  2.093    |
|  9        |  0.2804   |  6.088    |  2.097    |  0.9985   |  0.4141   |
|  10       |  0.2399   |  6.539    |  2.94     |  0.405    |  2.184    |
|  11       |  0.2375   |  3.905    |  2.602    |  0.319    |  2.842    |
|  12       |  0.2354   |  9.268    |  4.255    |  0.03408  |  2.83     |
|  13       |  0.2378   |  9.554    |  4.226    |  0.4813   |  2.9      |
|  14       |  0.28     |  4.753    |  2.275    |  0.01644  |  0.1145   |
|  15       |  0.2659   |  1.478    |  1.512    |  0.03338  |  0.6793   |
|  16       |  0.2804   |  5.895    |  1.715    |  0.1793   |  0.4488   |
|  17       |  0.2354   |  7.147    |  2.876    |  0.7682   |  2.006    |
|  18       |  0.2354   |  4.971    |  3.381    |  0.4617   |  2.89     |
|  19       |  0.2653   |  2.33     |  4.627    |  0.4979   |  1.777    |
|  20       |  0.2255   |  7.162    |  1.71     |  0.8647   |  1.446    |
|  21       |  0.281    |  5.597    |  3.026    |  0.499    |  0.0      |
|  22       |  0.28     |  5.122    |  1.148    |  1.0      |  0.4455   |
|  23       |  0.2797   |  4.814    |  5.0      |  0.0      |  0.0      |
|  24       |  0.2347   |  5.289    |  5.0      |  1.0      |  0.6678   |
|  25       |  0.2337   |  5.169    |  2.095    |  1.0      |  0.9787   |
|  26       |  0.2793   |  5.58     |  2.042    |  0.496    |  0.0      |
|  27       |  0.2807   |  5.942    |  1.189    |  0.8622   |  0.001619 |
|  28       |  0.28     |  5.272    |  3.904    |  0.0      |  0.0      |
|  29       |  0.28     |  6.442    |  3.11     |  0.0      |  0.0      |
|  30       |  0.2797   |  5.083    |  1.0      |  0.0      |  0.0      |
|  31       |  0.2797   |  6.636    |  3.06     |  1.0      |  0.0      |
|  32       |  0.2807   |  3.78     |  4.369    |  0.0      |  0.0      |
|  33       |  0.279    |  7.391    |  4.419    |  0.0      |  0.0      |
|  34       |  0.2793   |  2.723    |  5.0      |  0.0      |  0.0      |
|  35       |  0.279    |  8.267    |  5.0      |  1.0      |  0.0      |
|  36       |  0.279    |  9.244    |  5.0      |  0.0      |  0.0      |
|  37       |  0.279    |  8.897    |  3.748    |  0.6276   |  0.0      |
|  38       |  0.2786   |  10.0     |  4.628    |  1.0      |  0.0      |
|  39       |  0.2786   |  10.0     |  3.425    |  0.0      |  0.0      |
|  40       |  0.2786   |  10.0     |  1.684    |  0.0      |  0.0      |
=========================================================================
Elapsed running the bayesian opt: 2230.7926511764526
Elapsed training bay-optimal model: 3.888336420059204

Elapsed TOTAL time  data: 2255.4516150951385
***********************************************************************
***********************************************************************
***********************************************************************
*******************************FINISHED********************************
***********************************************************************
***********************************************************************
***********************************************************************
